Determining if the pthread_create exist failed with the following output:
Change Dir: /home/cs18/Desktop/code/assignment7/code/build/CMakeFiles/CMakeTmp

Run Build Command:"/usr/bin/make" "cmTC_2ec0e/fast"
/usr/bin/make -f CMakeFiles/cmTC_2ec0e.dir/build.make CMakeFiles/cmTC_2ec0e.dir/build
make[1]: Entering directory '/home/cs18/Desktop/code/assignment7/code/build/CMakeFiles/CMakeTmp'
Building C object CMakeFiles/cmTC_2ec0e.dir/CheckSymbolExists.c.o
/usr/bin/cc    -o CMakeFiles/cmTC_2ec0e.dir/CheckSymbolExists.c.o   -c /home/cs18/Desktop/code/assignment7/code/build/CMakeFiles/CMakeTmp/CheckSymbolExists.c
Linking C executable cmTC_2ec0e
/usr/bin/cmake -E cmake_link_script CMakeFiles/cmTC_2ec0e.dir/link.txt --verbose=1
/usr/bin/cc      -rdynamic CMakeFiles/cmTC_2ec0e.dir/CheckSymbolExists.c.o  -o cmTC_2ec0e 
CMakeFiles/cmTC_2ec0e.dir/CheckSymbolExists.c.o: In function `main':
CheckSymbolExists.c:(.text+0x1b): undefined reference to `pthread_create'
collect2: error: ld returned 1 exit status
CMakeFiles/cmTC_2ec0e.dir/build.make:97: recipe for target 'cmTC_2ec0e' failed
make[1]: *** [cmTC_2ec0e] Error 1
make[1]: Leaving directory '/home/cs18/Desktop/code/assignment7/code/build/CMakeFiles/CMakeTmp'
Makefile:126: recipe for target 'cmTC_2ec0e/fast' failed
make: *** [cmTC_2ec0e/fast] Error 2

File /home/cs18/Desktop/code/assignment7/code/build/CMakeFiles/CMakeTmp/CheckSymbolExists.c:
/* */
#include <pthread.h>

int main(int argc, char** argv)
{
  (void)argv;
#ifndef pthread_create
  return ((int*)(&pthread_create))[argc];
#else
  (void)argc;
  return 0;
#endif
}

Determining if the function pthread_create exists in the pthreads failed with the following output:
Change Dir: /home/cs18/Desktop/code/assignment7/code/build/CMakeFiles/CMakeTmp

Run Build Command:"/usr/bin/make" "cmTC_df795/fast"
/usr/bin/make -f CMakeFiles/cmTC_df795.dir/build.make CMakeFiles/cmTC_df795.dir/build
make[1]: Entering directory '/home/cs18/Desktop/code/assignment7/code/build/CMakeFiles/CMakeTmp'
Building C object CMakeFiles/cmTC_df795.dir/CheckFunctionExists.c.o
/usr/bin/cc   -DCHECK_FUNCTION_EXISTS=pthread_create   -o CMakeFiles/cmTC_df795.dir/CheckFunctionExists.c.o   -c /usr/share/cmake-3.10/Modules/CheckFunctionExists.c
Linking C executable cmTC_df795
/usr/bin/cmake -E cmake_link_script CMakeFiles/cmTC_df795.dir/link.txt --verbose=1
/usr/bin/cc  -DCHECK_FUNCTION_EXISTS=pthread_create    -rdynamic CMakeFiles/cmTC_df795.dir/CheckFunctionExists.c.o  -o cmTC_df795 -lpthreads 
/usr/bin/ld: cannot find -lpthreads
collect2: error: ld returned 1 exit status
CMakeFiles/cmTC_df795.dir/build.make:97: recipe for target 'cmTC_df795' failed
make[1]: *** [cmTC_df795] Error 1
make[1]: Leaving directory '/home/cs18/Desktop/code/assignment7/code/build/CMakeFiles/CMakeTmp'
Makefile:126: recipe for target 'cmTC_df795/fast' failed
make: *** [cmTC_df795/fast] Error 2


Determining if the function glXGetProcAddressEXT exists failed with the following output:
Change Dir: /home/cs18/Desktop/code/assignment7/code/build/CMakeFiles/CMakeTmp

Run Build Command:"/usr/bin/make" "cmTC_57b80/fast"
/usr/bin/make -f CMakeFiles/cmTC_57b80.dir/build.make CMakeFiles/cmTC_57b80.dir/build
make[1]: Entering directory '/home/cs18/Desktop/code/assignment7/code/build/CMakeFiles/CMakeTmp'
Building C object CMakeFiles/cmTC_57b80.dir/CheckFunctionExists.c.o
/usr/bin/cc   -DCHECK_FUNCTION_EXISTS=glXGetProcAddressEXT   -o CMakeFiles/cmTC_57b80.dir/CheckFunctionExists.c.o   -c /usr/share/cmake-3.10/Modules/CheckFunctionExists.c
Linking C executable cmTC_57b80
/usr/bin/cmake -E cmake_link_script CMakeFiles/cmTC_57b80.dir/link.txt --verbose=1
/usr/bin/cc  -DCHECK_FUNCTION_EXISTS=glXGetProcAddressEXT    -rdynamic CMakeFiles/cmTC_57b80.dir/CheckFunctionExists.c.o  -o cmTC_57b80 /usr/lib/x86_64-linux-gnu/libGL.so 
CMakeFiles/cmTC_57b80.dir/CheckFunctionExists.c.o: In function `main':
CheckFunctionExists.c:(.text+0x10): undefined reference to `glXGetProcAddressEXT'
collect2: error: ld returned 1 exit status
CMakeFiles/cmTC_57b80.dir/build.make:98: recipe for target 'cmTC_57b80' failed
make[1]: *** [cmTC_57b80] Error 1
make[1]: Leaving directory '/home/cs18/Desktop/code/assignment7/code/build/CMakeFiles/CMakeTmp'
Makefile:126: recipe for target 'cmTC_57b80/fast' failed
make: *** [cmTC_57b80/fast] Error 2


